<?xml version="1.0" encoding="UTF-8"?>
<!-- Generated by org.testng.reporters.JUnitXMLReporter -->
<testsuite ignored="0" hostname="Ankush" failures="0" tests="7" name="BrowserTest" time="70.449" errors="0" timestamp="2023-06-12T09:21:23 IST">
  <testcase classname="com.soucedemo.PageObject.SouceDemoBaseClass" name="@BeforeClass Setup" time="0.013">
    <failure type="java.lang.NoClassDefFoundError" message="org/apache/hc/core5/http/ClassicHttpRequest">
      <![CDATA[java.lang.NoClassDefFoundError: org/apache/hc/core5/http/ClassicHttpRequest
at com.soucedemo.PageObject.SouceDemoBaseClass.Setup(SouceDemoBaseClass.java:25)
at java.base/java.util.ArrayList.forEach(ArrayList.java:1511)
at java.base/java.util.concurrent.FutureTask.run(FutureTask.java:264)
at java.base/java.util.concurrent.ThreadPoolExecutor.runWorker(ThreadPoolExecutor.java:1136)
at java.base/java.util.concurrent.ThreadPoolExecutor$Worker.run(ThreadPoolExecutor.java:635)
at java.base/java.lang.Thread.run(Thread.java:833)
Caused by: java.lang.ClassNotFoundException: org.apache.hc.core5.http.ClassicHttpRequest
at java.base/jdk.internal.loader.BuiltinClassLoader.loadClass(BuiltinClassLoader.java:641)
at java.base/jdk.internal.loader.ClassLoaders$AppClassLoader.loadClass(ClassLoaders.java:188)
at java.base/java.lang.ClassLoader.loadClass(ClassLoader.java:520)
... 22 more
... Removed 16 stack frames]]>
    </failure>
  </testcase> <!-- @BeforeClass Setup -->
  <testcase classname="com.soucedemo.PageObject.SouceDemoBaseClass" name="@AfterClass TearDown" time="-1.68654181286E9">
    <skipped/>
  </testcase> <!-- @AfterClass TearDown -->
  <testcase classname="com.SauceDemoTest.SauceDemoTestCases" name="LoginTest" time="8.87"/>
  <testcase classname="com.SauceDemoTest.SauceDemoTestCases" name="FilterItemsTest" time="4.595"/>
  <testcase classname="com.SauceDemoTest.SauceDemoTestCases" name="AddToCartTest" time="4.162"/>
  <testcase classname="com.SauceDemoTest.SauceDemoTestCases" name="SoppingCartTest" time="2.177"/>
  <testcase classname="com.SauceDemoTest.SauceDemoTestCases" name="ItemCheckoutTest" time="2.193"/>
  <testcase classname="com.SauceDemoTest.SauceDemoTestCases" name="FillYourInfoTest" time="10.728"/>
  <testcase classname="com.SauceDemoTest.SauceDemoTestCases" name="LogoutTest" time="8.364"/>
</testsuite> <!-- BrowserTest -->
